[2022-09-28T15:45:07.150] [INFO] default - msg
[2022-09-28T15:46:49.039] [INFO] message - msg
[2022-09-28T15:49:59.428] [ERROR] default - ClientError [NotFoundError]: Not Found
    at file:///C:/Users/hnJin/Desktop/project/starlight-server/app.ts:47:8
    at Layer.handle [as handle_request] (C:\Users\hnJin\Desktop\project\starlight-server\node_modules\express\lib\router\layer.js:95:5)
    at trim_prefix (C:\Users\hnJin\Desktop\project\starlight-server\node_modules\express\lib\router\index.js:317:13)
    at C:\Users\hnJin\Desktop\project\starlight-server\node_modules\express\lib\router\index.js:284:7
    at Function.process_params (C:\Users\hnJin\Desktop\project\starlight-server\node_modules\express\lib\router\index.js:335:12)
    at next (C:\Users\hnJin\Desktop\project\starlight-server\node_modules\express\lib\router\index.js:275:10)
    at C:\Users\hnJin\Desktop\project\starlight-server\node_modules\express\lib\router\index.js:635:15
    at next (C:\Users\hnJin\Desktop\project\starlight-server\node_modules\express\lib\router\index.js:260:14)
    at Function.handle (C:\Users\hnJin\Desktop\project\starlight-server\node_modules\express\lib\router\index.js:174:3)
    at router (C:\Users\hnJin\Desktop\project\starlight-server\node_modules\express\lib\router\index.js:47:12)
[2022-09-28T15:50:07.504] [ERROR] default - ClientError [NotFoundError]: Not Found
    at file:///C:/Users/hnJin/Desktop/project/starlight-server/app.ts:47:8
    at Layer.handle [as handle_request] (C:\Users\hnJin\Desktop\project\starlight-server\node_modules\express\lib\router\layer.js:95:5)
    at trim_prefix (C:\Users\hnJin\Desktop\project\starlight-server\node_modules\express\lib\router\index.js:317:13)
    at C:\Users\hnJin\Desktop\project\starlight-server\node_modules\express\lib\router\index.js:284:7
    at Function.process_params (C:\Users\hnJin\Desktop\project\starlight-server\node_modules\express\lib\router\index.js:335:12)
    at next (C:\Users\hnJin\Desktop\project\starlight-server\node_modules\express\lib\router\index.js:275:10)
    at C:\Users\hnJin\Desktop\project\starlight-server\node_modules\express\lib\router\index.js:635:15
    at next (C:\Users\hnJin\Desktop\project\starlight-server\node_modules\express\lib\router\index.js:260:14)
    at Function.handle (C:\Users\hnJin\Desktop\project\starlight-server\node_modules\express\lib\router\index.js:174:3)
    at router (C:\Users\hnJin\Desktop\project\starlight-server\node_modules\express\lib\router\index.js:47:12)
